<?xml version="1.0" encoding="UTF-8"?>
<robot generator="Robot 6.0.2 (Python 3.8.3 on win32)" generated="20240218 23:36:56.813" rpa="false" schemaversion="3">
<suite id="s1" name="Session2" source="C:\Users\User\Desktop\anan\automate-test-chom\automate-test-chom\session2.robot">
<test id="s1-t1" name="open_browser" line="18">
<kw name="Open Browser" library="Selenium2Library">
<arg>${web}</arg>
<arg>${browser}</arg>
<doc>Opens a new browser instance to the optional ``url``.</doc>
<msg timestamp="20240218 23:36:57.090" level="INFO">Opening browser 'gc' to base url 'https://www.nejavu.com'.</msg>
<status status="PASS" starttime="20240218 23:36:57.090" endtime="20240218 23:37:07.666"/>
</kw>
<kw name="Maximize Browser Window" library="Selenium2Library">
<doc>Maximizes current browser window.</doc>
<status status="PASS" starttime="20240218 23:37:07.667" endtime="20240218 23:37:07.993"/>
</kw>
<kw name="Wait Until Page Contains Element" library="Selenium2Library">
<arg>${modal}</arg>
<doc>Waits until the element ``locator`` appears on the current page.</doc>
<status status="PASS" starttime="20240218 23:37:07.998" endtime="20240218 23:37:08.091"/>
</kw>
<kw name="Click Element" library="Selenium2Library">
<arg>${close_modal}</arg>
<doc>Click the element identified by ``locator``.</doc>
<msg timestamp="20240218 23:37:08.092" level="INFO">Clicking element '//*[@id="top"]/main/div[2]/div[1]/a'.</msg>
<status status="PASS" starttime="20240218 23:37:08.091" endtime="20240218 23:37:08.170"/>
</kw>
<kw name="Click Element" library="Selenium2Library">
<arg>${cartoon_tab}</arg>
<doc>Click the element identified by ``locator``.</doc>
<msg timestamp="20240218 23:37:08.173" level="INFO">Clicking element '//*[@id="top"]/main/div[1]/div[2]/div[2]/div[2]/nav/div/ul/li[3]/a'.</msg>
<status status="PASS" starttime="20240218 23:37:08.171" endtime="20240218 23:37:18.075"/>
</kw>
<kw name="Wait Until Page Contains Element" library="Selenium2Library">
<arg>${cartoon_head}</arg>
<doc>Waits until the element ``locator`` appears on the current page.</doc>
<status status="PASS" starttime="20240218 23:37:18.076" endtime="20240218 23:37:18.098"/>
</kw>
<kw name="Get Text" library="Selenium2Library">
<var>${book_title}</var>
<arg>${cartoon_name_1}</arg>
<doc>Returns the text value of the element identified by ``locator``.</doc>
<msg timestamp="20240218 23:37:18.131" level="INFO">${book_title} = สายใยครั้งนั้นกับทานตะวันมิหวนคืน เล่ม 1</msg>
<status status="PASS" starttime="20240218 23:37:18.098" endtime="20240218 23:37:18.131"/>
</kw>
<kw name="Log" library="BuiltIn">
<arg>${book_title}</arg>
<doc>Logs the given message with the given level.</doc>
<msg timestamp="20240218 23:37:18.132" level="INFO">สายใยครั้งนั้นกับทานตะวันมิหวนคืน เล่ม 1</msg>
<status status="PASS" starttime="20240218 23:37:18.131" endtime="20240218 23:37:18.132"/>
</kw>
<kw name="Get Element Count" library="Selenium2Library">
<var>${rows}</var>
<arg>${all_cartoon}</arg>
<doc>Returns the number of elements matching ``locator``.</doc>
<msg timestamp="20240218 23:37:18.149" level="INFO">${rows} = 1</msg>
<status status="PASS" starttime="20240218 23:37:18.132" endtime="20240218 23:37:18.149"/>
</kw>
<kw name="Get Element Count" library="Selenium2Library">
<var>${box}</var>
<arg>${box_cartoon}</arg>
<doc>Returns the number of elements matching ``locator``.</doc>
<msg timestamp="20240218 23:37:18.440" level="INFO" html="true">&lt;/td&gt;&lt;/tr&gt;&lt;tr&gt;&lt;td colspan="3"&gt;&lt;a href="selenium-screenshot-4.png"&gt;&lt;img src="selenium-screenshot-4.png" width="800px"&gt;&lt;/a&gt;</msg>
<msg timestamp="20240218 23:37:18.440" level="FAIL">InvalidSelectorException: Message: invalid selector: An invalid or illegal selector was specified
  (Session info: chrome=121.0.6167.185)
Stacktrace:
	GetHandleVerifier [0x0099E123+48179]
	(No symbol) [0x00925D01]
	(No symbol) [0x0080D72D]
	(No symbol) [0x00811980]
	(No symbol) [0x008134B2]
	(No symbol) [0x00813540]
	(No symbol) [0x00845489]
	(No symbol) [0x0084586B]
	(No symbol) [0x0087C5EC]
	(No symbol) [0x00863CD4]
	(No symbol) [0x0087AA1E]
	(No symbol) [0x00863A26]
	(No symbol) [0x0083B7BC]
	(No symbol) [0x0083C62D]
	GetHandleVerifier [0x00CB7C33+3299139]
	GetHandleVerifier [0x00CF5BF2+3553026]
	GetHandleVerifier [0x00CF0BCC+3532508]
	GetHandleVerifier [0x00A3494E+664670]
	(No symbol) [0x00930AB4]
	(No symbol) [0x0092BF08]
	(No symbol) [0x0092C02D]
	(No symbol) [0x0091DD00]
	BaseThreadInitThunk [0x76647BA9+25]
	RtlInitializeExceptionChain [0x7729BD2B+107]
	RtlClearBits [0x7729BCAF+191]
</msg>
<status status="FAIL" starttime="20240218 23:37:18.149" endtime="20240218 23:37:18.443"/>
</kw>
<kw name="Log To Console" library="BuiltIn">
<arg>${box}</arg>
<doc>Logs the given message to the console.</doc>
<status status="NOT RUN" starttime="20240218 23:37:18.443" endtime="20240218 23:37:18.443"/>
</kw>
<kw name="Log To Console" library="BuiltIn">
<arg>${rows}</arg>
<doc>Logs the given message to the console.</doc>
<status status="NOT RUN" starttime="20240218 23:37:18.444" endtime="20240218 23:37:18.444"/>
</kw>
<kw name="Sleep" library="BuiltIn">
<arg>5s</arg>
<doc>Pauses the test executed for the given time.</doc>
<status status="NOT RUN" starttime="20240218 23:37:18.444" endtime="20240218 23:37:18.444"/>
</kw>
<status status="FAIL" starttime="20240218 23:36:57.089" endtime="20240218 23:37:18.445">InvalidSelectorException: Message: invalid selector: An invalid or illegal selector was specified
  (Session info: chrome=121.0.6167.185)
Stacktrace:
	GetHandleVerifier [0x0099E123+48179]
	(No symbol) [0x00925D01]
	(No symbol) [0x0080D72D]
	(No symbol) [0x00811980]
	(No symbol) [0x008134B2]
	(No symbol) [0x00813540]
	(No symbol) [0x00845489]
	(No symbol) [0x0084586B]
	(No symbol) [0x0087C5EC]
	(No symbol) [0x00863CD4]
	(No symbol) [0x0087AA1E]
	(No symbol) [0x00863A26]
	(No symbol) [0x0083B7BC]
	(No symbol) [0x0083C62D]
	GetHandleVerifier [0x00CB7C33+3299139]
	GetHandleVerifier [0x00CF5BF2+3553026]
	GetHandleVerifier [0x00CF0BCC+3532508]
	GetHandleVerifier [0x00A3494E+664670]
	(No symbol) [0x00930AB4]
	(No symbol) [0x0092BF08]
	(No symbol) [0x0092C02D]
	(No symbol) [0x0091DD00]
	BaseThreadInitThunk [0x76647BA9+25]
	RtlInitializeExceptionChain [0x7729BD2B+107]
	RtlClearBits [0x7729BCAF+191]
</status>
</test>
<status status="FAIL" starttime="20240218 23:36:56.815" endtime="20240218 23:37:18.448"/>
</suite>
<statistics>
<total>
<stat pass="0" fail="1" skip="0">All Tests</stat>
</total>
<tag>
</tag>
<suite>
<stat pass="0" fail="1" skip="0" id="s1" name="Session2">Session2</stat>
</suite>
</statistics>
<errors>
</errors>
</robot>
